make all --print-data-base --no-builtin-variables --no-builtin-rules --question
# GNU Make 3.81
# Copyright (C) 2006  Free Software Foundation, Inc.
# This is free software; see the source for copying conditions.
# There is NO warranty; not even for MERCHANTABILITY or FITNESS FOR A
# PARTICULAR PURPOSE.

# This program built for i386-apple-darwin11.3.0
 
make: *** No rule to make target `all'.  Stop.


# Make data base, printed on Fri Jul 15 13:25:02 2022

# Variables

# automatic
<D = $(patsubst %/,%,$(dir $<))
# automatic
 
?F = $(notdir $?)
# environment
PROVIDE_FULLSTACK_ACTION = true
# automatic
?D = $(patsubst %/,%,$(dir $?))
# makefile (from `Makefile', line 10)
PROTOC_ARCH = $(shell uname -m)
# automatic
@D = $(patsubst %/,%,$(dir $@))
# automatic
@F = $(notdir $@)
# makefile
CURDIR := /Users/michael/Development/grpc-envoy-template
# makefile
SHELL = /bin/sh
# makefile (from `Makefile', line 7)
PROTOC_URL_PREFIX = https://github.com/protocolbuffers/protobuf/releases/download/
# environment
VSCODE_NLS_CONFIG = {"locale":"en-us","availableLanguages":{},"_languagePackSupport":true}
# environment
_ = /usr/bin/make
# makefile (from `Makefile', line 1)
MAKEFILE_LIST :=  Makefile
# makefile (from `Makefile', line 46)
.PHONY = run-server
# environment
VSCODE_AMD_ENTRYPOINT = vs/workbench/api/node/extensionHostProcess
# environment
__CFBundleIdentifier = com.microsoft.VSCode
# environment
INFOPATH = /opt/homebrew/share/info:
# environment
VSCODE_CWD = /
# environment
GOPROXY = https://proxy.golang.org,direct
# makefile (from `Makefile', line 6)
PATH = ${GOROOT}/bin:${GOPATH}/bin:$(shell printenv PATH):${GOBIN}
# environment
LSCOLORS = Gxfxcxdxbxegedabagacad
# environment
GOLANG_EXECUTABLE = go
# makefile (from `Makefile', line 8)
PROTOC_VERSION = 21.1
# environment
THREE_SCALE_USER_TOKEN = 207c527cfc2a6b8dcf4fa43ad7a976da
# makefile (from `Makefile', line 4)
GOPATH = ${HOME}/go/pkg
# environment
LaunchInstanceID = 7ACC3A96-1F6B-4954-AB8B-C1CF3415D320
# environment
ELECTRON_RUN_AS_NODE = 1
# default
.FEATURES := target-specific order-only second-expansion else-if archives jobserver check-symlink
# environment
UUID = 70303ff2-2ef7-4d27-bd46-67c4ac211eee
# environment
SSH_AUTH_SOCK = /var/folders/hl/9q3qlcv12qqbz952vftxxc8w0000gn/T//ssh-3iB5TrobNAx0/agent.1000
# automatic
%F = $(notdir $%)
# makefile (from `Makefile', line 5)
GOBIN = ${PWD}/go/bin
# environment
CONDA_EXE = /Users/michael/opt/anaconda3/bin/conda
# environment
PWD = /Users/michael/Development/grpc-envoy-template
# environment
HOMEBREW_CELLAR = /opt/homebrew/Cellar
# environment
SSH_AGENT_PID = 1006
# environment
ORIGINAL_XDG_CURRENT_DESKTOP = undefined
# environment
MANPATH = /opt/homebrew/share/man::
# environment
GOMODCACHE = /Users/michael/go/pkg/mod
# environment
HOME = /Users/michael
# default
MAKEFILEPATH := /Applications/Xcode.app/Contents/Developer/Makefiles
# environment
VSCODE_CODE_CACHE_PATH = /Users/michael/Library/Application Support/Code/CachedData/b06ae3b2d2dbfe28bca3134cc6be65935cdfea6a
# environment
LOGNAME = michael
# environment
APPLICATION_INSIGHTS_NO_DIAGNOSTIC_CHANNEL = 1
# environment
CONDA_PROMPT_MODIFIER = (base) 
# environment
TELEMETRY_ID = 47c1d0ee-e187-4c23-b148-ea97e3dc3e56
# environment
ZSH = /Users/michael/.oh-my-zsh
# environment
VSCODE_HANDLES_UNCAUGHT_ERRORS = true
# automatic
^D = $(patsubst %/,%,$(dir $^))
# makefile (from `Makefile', line 11)
PROTOC_URL = ${PROTOC_URL_PREFIX}v${PROTOC_VERSION}/protoc-${PROTOC_VERSION}-${PROTOC_OS}-${PROTOC_ARCH}.zip
# environment
CONDA_DEFAULT_ENV = base
# environment
XPC_FLAGS = 0x0
# default
MAKE = $(MAKE_COMMAND)
# default
MAKECMDGOALS := all
# environment
SHLVL = 1
# default
MAKE_VERSION := 3.81
# environment
USER = michael
# makefile (from `Makefile', line 1)
.DEFAULT_GOAL := build
# environment
LESS = -R
# automatic
%D = $(patsubst %/,%,$(dir $%))
# environment
CONDA_SHLVL = 1
# default
MAKE_COMMAND := /Applications/Xcode.app/Contents/Developer/usr/bin/make
# environment
UTM_SOURCE = vscode
# default
.VARIABLES := 
# environment
TMPDIR = /var/folders/hl/9q3qlcv12qqbz952vftxxc8w0000gn/T/
# automatic
*F = $(notdir $*)
# environment
VSCODE_IPC_HOOK = /Users/michael/Library/Application Support/Code/1.69.1-main.sock
# environment
MallocNanoZone = 0
# makefile
MAKEFLAGS = Rrqp
# environment
MFLAGS = -Rrqp
# automatic
 
*D = $(patsubst %/,%,$(dir $*))
# environment
XPC_SERVICE_NAME = application.com.microsoft.VSCode.26684663.26684669
# environment
HOMEBREW_PREFIX = /opt/homebrew
# automatic
+D = $(patsubst %/,%,$(dir $+))
# environment
RECOMMENDER_API_URL = https://gw.api.openshift.io//api/v2
# automatic
+F = $(notdir $+)
# environment
HOMEBREW_REPOSITORY = /opt/homebrew
# environment
__CF_USER_TEXT_ENCODING = 0x1F5:0x0:0x0
# environment
COMMAND_MODE = unix2003
# default
MAKEFILES := 
# automatic
<F = $(notdir $<)
# environment
PAGER = less
# environment
LC_ALL = C
# makefile (from `Makefile', line 9)
PROTOC_OS = $(shell uname -s)
# environment
CONDA_PYTHON_EXE = /Users/michael/opt/anaconda3/bin/python
# environment
SECURITYSESSIONID = 186b2
# automatic
^F = $(notdir $^)
# default
SUFFIXES := 
# environment
_CE_M = 
# default
.INCLUDE_DIRS = /usr/local/include
# environment
MAKELEVEL := 0
# environment
CONDA_PREFIX = /Users/michael/opt/anaconda3
# environment
VSCODE_PID = 672
# environment
_CE_CONDA = 
# environment
LANG = C
# variable set hash-table stats:
# Load=95/1024=9%, Rehash=0, Collisions=4/128=3%

# Pattern-specific Variable Values

# No pattern-specific variable values.

# Directories

# . (device 16777232, inode 26258776): 20 files, no impossibilities.

# 20 files, no impossibilities in 1 directories.

# Implicit Rules

# No implicit rules.

# Files

install-protoc: prereq
#  Implicit rule search has not been done.
#  Modification time never checked.
#  File has not been updated.
#  commands to execute (from `Makefile', line 21):
	@echo Downloading from ${PROTOC_URL}
	$(shell curl -sL ${PROTOC_URL} | tar xvf - -C ${PWD}/go/)
	

# Not a target:
all:
#  Command-line target.
#  Implicit rule search has been done.
#  File does not exist.
#  File has not been updated.
# variable set hash-table stats:
# Load=0/32=0%, Rehash=0, Collisions=0/0=0%

compile-ts:
#  Implicit rule search has not been done.
#  Modification time never checked.
#  File has not been updated.
#  commands to execute (from `Makefile', line 36):
	npx protoc --ts_out webapp-template/src --proto_path protobufs protobufs/template.proto --ts_opt ts_nocheck --ts_opt long_type_number --ts_opt generate_dependencies
	

compile-go:
#  Implicit rule search has not been done.
#  Modification time never checked.
#  File has not been updated.
#  commands to execute (from `Makefile', line 31):
	protoc --go_out=grpc_server protobufs/template.proto --go-grpc_out=grpc_server protobufs/template.proto
	protoc --go_out=grpc_client_test protobufs/template.proto --go-grpc_out=grpc_client_test protobufs/template.proto
	

go-init:
#  Implicit rule search has not been done.
#  Modification time never checked.
#  File has not been updated.
#  commands to execute (from `Makefile', line 40):
	cd grpc_server && go mod tidy
	

# Not a target:
.SUFFIXES:
#  Implicit rule search has not been done.
#  Modification time never checked.
#  File has not been updated.

prereq:
#  Implicit rule search has not been done.
#  Modification time never checked.
#  File has not been updated.
#  commands to execute (from `Makefile', line 16):
	@mkdir -p ${PWD}/go
	@mkdir -p ${PWD}/go/bin
	

# Not a target:
Makefile:
#  Implicit rule search has been done.
#  Last modified 2022-07-14 17:50:08
#  File has been updated.
#  Successfully updated.
# variable set hash-table stats:
# Load=0/32=0%, Rehash=0, Collisions=0/0=0%

install-protoc-compiler:
#  Implicit rule search has not been done.
#  Modification time never checked.
#  File has not been updated.
#  commands to execute (from `Makefile', line 26):
	go install google.golang.org/protobuf/cmd/protoc-gen-go@latest
	go install google.golang.org/grpc/cmd/protoc-gen-go-grpc@latest
	

build: prereq install-protoc install-protoc-compiler compile
#  Implicit rule search has not been done.
#  Modification time never checked.
#  File has not been updated.

stop-server:
#  Implicit rule search has not been done.
#  Modification time never checked.
#  File has not been updated.
#  commands to execute (from `Makefile', line 51):
	docker-compose down
	

# Not a target:
compile:
#  Implicit rule search has not been done.
#  Modification time never checked.
#  File has not been updated.

# Not a target:
.DEFAULT:
#  Implicit rule search has not been done.
#  Modification time never checked.
#  File has not been updated.

start-server:
#  Implicit rule search has not been done.
#  Modification time never checked.
#  File has not been updated.
#  commands to execute (from `Makefile', line 48):
	docker-compose up -d
	

# files hash-table stats:
# Load=14/1024=1%, Rehash=0, Collisions=0/31=0%
# VPATH Search Paths

# No `vpath' search paths.

# No general (`VPATH' variable) search path.

# # of strings in strcache: 1
# # of strcache buffers: 1
# strcache size: total = 4096 / max = 4096 / min = 4096 / avg = 4096
# strcache free: total = 4087 / max = 4087 / min = 4087 / avg = 4087

# Finished Make data base on Fri Jul 15 13:25:02 2022

 
